<?xml version="1.0" encoding="UTF-8"?>
<testng-results skipped="0" failed="0" ignored="0" total="1" passed="1">
  <reporter-output>
  </reporter-output>
  <suite name="Default suite" duration-ms="16647" started-at="2018-06-20T16:26:01Z" finished-at="2018-06-20T16:26:18Z">
    <groups>
    </groups>
    <test name="Default test" duration-ms="16647" started-at="2018-06-20T16:26:01Z" finished-at="2018-06-20T16:26:18Z">
      <class name="com.prestashop.tests.PositiveScenarios">
        <test-method status="PASS" signature="setUp()[pri:0, instance:com.prestashop.tests.PositiveScenarios@556e4588]" name="setUp" is-config="true" duration-ms="8323" started-at="2018-06-20T16:26:01Z" finished-at="2018-06-20T16:26:09Z">
          <reporter-output>
          </reporter-output>
        </test-method> <!-- setUp -->
        <test-method status="PASS" signature="loginTest()[pri:0, instance:com.prestashop.tests.PositiveScenarios@556e4588]" name="loginTest" duration-ms="8192" started-at="2018-06-20T16:26:09Z" finished-at="2018-06-20T16:26:18Z">
          <reporter-output>
          </reporter-output>
        </test-method> <!-- loginTest -->
        <test-method status="PASS" signature="tearDown()[pri:0, instance:com.prestashop.tests.PositiveScenarios@556e4588]" name="tearDown" is-config="true" duration-ms="113" started-at="2018-06-20T16:26:18Z" finished-at="2018-06-20T16:26:18Z">
          <reporter-output>
          </reporter-output>
        </test-method> <!-- tearDown -->
      </class> <!-- com.prestashop.tests.PositiveScenarios -->
    </test> <!-- Default test -->
  </suite> <!-- Default suite -->
</testng-results>
